<?xml version="1.0" encoding="UTF-8"?>
<testsuite xmlns:xsi="http://www.w3.org/2001/XMLSchema-instance" xsi:noNamespaceSchemaLocation="https://maven.apache.org/surefire/maven-surefire-plugin/xsd/surefire-test-report.xsd" name="org.apache.commons.lang3.reflect.FieldUtilsTest" time="0.008" tests="44" errors="0" skipped="0" failures="2">
  <properties>
[...]
</properties>
  <testcase name="testReadStaticFieldForceAccess" classname="org.apache.commons.lang3.reflect.FieldUtilsTest" time="0.001"/>
  <testcase name="testGetAllFieldsList" classname="org.apache.commons.lang3.reflect.FieldUtilsTest" time="0.002">
    <failure message="expected:&lt;5&gt; but was:&lt;7&gt;" type="java.lang.AssertionError"><![CDATA[java.lang.AssertionError: expected:<5> but was:<7>
	at org.junit.Assert.fail(Assert.java:88)
	at org.junit.Assert.failNotEquals(Assert.java:743)
	at org.junit.Assert.assertEquals(Assert.java:118)
	at org.junit.Assert.assertEquals(Assert.java:555)
	at org.junit.Assert.assertEquals(Assert.java:542)
	at org.apache.commons.lang3.reflect.FieldUtilsTest.testGetAllFieldsList(FieldUtilsTest.java:167)
	at java.base/jdk.internal.reflect.DirectMethodHandleAccessor.invoke(DirectMethodHandleAccessor.java:104)
	at java.base/java.lang.reflect.Method.invoke(Method.java:565)
	at org.junit.runners.model.FrameworkMethod$1.runReflectiveCall(FrameworkMethod.java:47)
	at org.junit.internal.runners.model.ReflectiveCallable.run(ReflectiveCallable.java:12)
	at org.junit.runners.model.FrameworkMethod.invokeExplosively(FrameworkMethod.java:44)
	at org.junit.internal.runners.statements.InvokeMethod.evaluate(InvokeMethod.java:17)
	at org.junit.internal.runners.statements.RunBefores.evaluate(RunBefores.java:26)
	at org.junit.runners.ParentRunner.runLeaf(ParentRunner.java:271)
	at org.junit.runners.BlockJUnit4ClassRunner.runChild(BlockJUnit4ClassRunner.java:70)
	at org.junit.runners.BlockJUnit4ClassRunner.runChild(BlockJUnit4ClassRunner.java:50)
	at org.junit.runners.ParentRunner$3.run(ParentRunner.java:238)
	at org.junit.runners.ParentRunner$1.schedule(ParentRunner.java:63)
	at org.junit.runners.ParentRunner.runChildren(ParentRunner.java:236)
	at org.junit.runners.ParentRunner.access$000(ParentRunner.java:53)
	at org.junit.runners.ParentRunner$2.evaluate(ParentRunner.java:229)
	at org.junit.runners.ParentRunner.run(ParentRunner.java:309)
	at org.apache.maven.surefire.junit4.JUnit4Provider.execute(JUnit4Provider.java:365)
	at org.apache.maven.surefire.junit4.JUnit4Provider.executeWithRerun(JUnit4Provider.java:273)
	at org.apache.maven.surefire.junit4.JUnit4Provider.executeTestSet(JUnit4Provider.java:238)
	at org.apache.maven.surefire.junit4.JUnit4Provider.invoke(JUnit4Provider.java:159)
	at org.apache.maven.surefire.booter.ForkedBooter.invokeProviderInSameClassLoader(ForkedBooter.java:384)
	at org.apache.maven.surefire.booter.ForkedBooter.runSuitesInProcess(ForkedBooter.java:345)
	at org.apache.maven.surefire.booter.ForkedBooter.execute(ForkedBooter.java:126)
	at org.apache.maven.surefire.booter.ForkedBooter.main(ForkedBooter.java:418)
]]></failure>
  </testcase>
  <testcase name="testReadDeclaredNamedField" classname="org.apache.commons.lang3.reflect.FieldUtilsTest" time="0"/>
  <testcase name="testReadNamedStaticField" classname="org.apache.commons.lang3.reflect.FieldUtilsTest" time="0"/>
  <testcase name="testReadDeclaredNamedStaticFieldForceAccess" classname="org.apache.commons.lang3.reflect.FieldUtilsTest" time="0"/>
  <testcase name="testReadDeclaredNamedFieldForceAccess" classname="org.apache.commons.lang3.reflect.FieldUtilsTest" time="0"/>
  <testcase name="testGetField" classname="org.apache.commons.lang3.reflect.FieldUtilsTest" time="0"/>
  <testcase name="testGetFieldIllegalArgumentException1" classname="org.apache.commons.lang3.reflect.FieldUtilsTest" time="0"/>
  <testcase name="testGetFieldIllegalArgumentException2" classname="org.apache.commons.lang3.reflect.FieldUtilsTest" time="0"/>
  <testcase name="testReadDeclaredNamedStaticField" classname="org.apache.commons.lang3.reflect.FieldUtilsTest" time="0"/>
  <testcase name="testWriteField" classname="org.apache.commons.lang3.reflect.FieldUtilsTest" time="0"/>
  <testcase name="testWriteNamedStaticFieldForceAccess" classname="org.apache.commons.lang3.reflect.FieldUtilsTest" time="0.001"/>
  <testcase name="testGetDeclaredFieldForceAccessIllegalArgumentException1" classname="org.apache.commons.lang3.reflect.FieldUtilsTest" time="0"/>
  <testcase name="testGetDeclaredFieldForceAccessIllegalArgumentException2" classname="org.apache.commons.lang3.reflect.FieldUtilsTest" time="0"/>
  <testcase name="testWriteFieldForceAccess" classname="org.apache.commons.lang3.reflect.FieldUtilsTest" time="0"/>
  <testcase name="testAmbig" classname="org.apache.commons.lang3.reflect.FieldUtilsTest" time="0"/>
  <testcase name="testReadStaticFieldForceAccessIllegalArgumentException1" classname="org.apache.commons.lang3.reflect.FieldUtilsTest" time="0"/>
  <testcase name="testReadStaticFieldForceAccessIllegalArgumentException2" classname="org.apache.commons.lang3.reflect.FieldUtilsTest" time="0.001"/>
  <testcase name="testWriteNamedField" classname="org.apache.commons.lang3.reflect.FieldUtilsTest" time="0.001"/>
  <testcase name="testWriteDeclaredNamedFieldForceAccess" classname="org.apache.commons.lang3.reflect.FieldUtilsTest" time="0"/>
  <testcase name="testWriteDeclaredNamedStaticField" classname="org.apache.commons.lang3.reflect.FieldUtilsTest" time="0"/>
  <testcase name="testReadNamedField" classname="org.apache.commons.lang3.reflect.FieldUtilsTest" time="0"/>
  <testcase name="testReadStaticFieldIllegalArgumentException1" classname="org.apache.commons.lang3.reflect.FieldUtilsTest" time="0"/>
  <testcase name="testReadStaticFieldIllegalArgumentException2" classname="org.apache.commons.lang3.reflect.FieldUtilsTest" time="0"/>
  <testcase name="testGetFieldForceAccess" classname="org.apache.commons.lang3.reflect.FieldUtilsTest" time="0"/>
  <testcase name="testReadField" classname="org.apache.commons.lang3.reflect.FieldUtilsTest" time="0"/>
  <testcase name="testWriteNamedStaticField" classname="org.apache.commons.lang3.reflect.FieldUtilsTest" time="0"/>
  <testcase name="testWriteStaticFieldForceAccess" classname="org.apache.commons.lang3.reflect.FieldUtilsTest" time="0"/>
  <testcase name="testWriteStaticField" classname="org.apache.commons.lang3.reflect.FieldUtilsTest" time="0"/>
  <testcase name="testGetFieldForceAccessIllegalArgumentException1" classname="org.apache.commons.lang3.reflect.FieldUtilsTest" time="0"/>
  <testcase name="testGetFieldForceAccessIllegalArgumentException2" classname="org.apache.commons.lang3.reflect.FieldUtilsTest" time="0"/>
  <testcase name="testWriteNamedFieldForceAccess" classname="org.apache.commons.lang3.reflect.FieldUtilsTest" time="0"/>
  <testcase name="testReadNamedStaticFieldForceAccess" classname="org.apache.commons.lang3.reflect.FieldUtilsTest" time="0"/>
  <testcase name="testGetAllFields" classname="org.apache.commons.lang3.reflect.FieldUtilsTest" time="0.001">
    <failure message="expected:&lt;5&gt; but was:&lt;7&gt;" type="java.lang.AssertionError"><![CDATA[java.lang.AssertionError: expected:<5> but was:<7>
	at org.junit.Assert.fail(Assert.java:88)
	at org.junit.Assert.failNotEquals(Assert.java:743)
	at org.junit.Assert.assertEquals(Assert.java:118)
	at org.junit.Assert.assertEquals(Assert.java:555)
	at org.junit.Assert.assertEquals(Assert.java:542)
	at org.apache.commons.lang3.reflect.FieldUtilsTest.testGetAllFields(FieldUtilsTest.java:147)
	at java.base/jdk.internal.reflect.DirectMethodHandleAccessor.invoke(DirectMethodHandleAccessor.java:104)
	at java.base/java.lang.reflect.Method.invoke(Method.java:565)
	at org.junit.runners.model.FrameworkMethod$1.runReflectiveCall(FrameworkMethod.java:47)
	at org.junit.internal.runners.model.ReflectiveCallable.run(ReflectiveCallable.java:12)
	at org.junit.runners.model.FrameworkMethod.invokeExplosively(FrameworkMethod.java:44)
	at org.junit.internal.runners.statements.InvokeMethod.evaluate(InvokeMethod.java:17)
	at org.junit.internal.runners.statements.RunBefores.evaluate(RunBefores.java:26)
	at org.junit.runners.ParentRunner.runLeaf(ParentRunner.java:271)
	at org.junit.runners.BlockJUnit4ClassRunner.runChild(BlockJUnit4ClassRunner.java:70)
	at org.junit.runners.BlockJUnit4ClassRunner.runChild(BlockJUnit4ClassRunner.java:50)
	at org.junit.runners.ParentRunner$3.run(ParentRunner.java:238)
	at org.junit.runners.ParentRunner$1.schedule(ParentRunner.java:63)
	at org.junit.runners.ParentRunner.runChildren(ParentRunner.java:236)
	at org.junit.runners.ParentRunner.access$000(ParentRunner.java:53)
	at org.junit.runners.ParentRunner$2.evaluate(ParentRunner.java:229)
	at org.junit.runners.ParentRunner.run(ParentRunner.java:309)
	at org.apache.maven.surefire.junit4.JUnit4Provider.execute(JUnit4Provider.java:365)
	at org.apache.maven.surefire.junit4.JUnit4Provider.executeWithRerun(JUnit4Provider.java:273)
	at org.apache.maven.surefire.junit4.JUnit4Provider.executeTestSet(JUnit4Provider.java:238)
	at org.apache.maven.surefire.junit4.JUnit4Provider.invoke(JUnit4Provider.java:159)
	at org.apache.maven.surefire.booter.ForkedBooter.invokeProviderInSameClassLoader(ForkedBooter.java:384)
	at org.apache.maven.surefire.booter.ForkedBooter.runSuitesInProcess(ForkedBooter.java:345)
	at org.apache.maven.surefire.booter.ForkedBooter.execute(ForkedBooter.java:126)
	at org.apache.maven.surefire.booter.ForkedBooter.main(ForkedBooter.java:418)
]]></failure>
  </testcase>
  <testcase name="testReadStaticField" classname="org.apache.commons.lang3.reflect.FieldUtilsTest" time="0"/>
  <testcase name="testGetDeclaredFieldAccessIllegalArgumentException1" classname="org.apache.commons.lang3.reflect.FieldUtilsTest" time="0"/>
  <testcase name="testGetDeclaredFieldAccessIllegalArgumentException2" classname="org.apache.commons.lang3.reflect.FieldUtilsTest" time="0"/>
  <testcase name="testWriteDeclaredNamedStaticFieldForceAccess" classname="org.apache.commons.lang3.reflect.FieldUtilsTest" time="0"/>
  <testcase name="testWriteDeclaredNamedField" classname="org.apache.commons.lang3.reflect.FieldUtilsTest" time="0"/>
  <testcase name="testGetDeclaredField" classname="org.apache.commons.lang3.reflect.FieldUtilsTest" time="0"/>
  <testcase name="testGetDeclaredFieldForceAccess" classname="org.apache.commons.lang3.reflect.FieldUtilsTest" time="0"/>
  <testcase name="testReadFieldForceAccess" classname="org.apache.commons.lang3.reflect.FieldUtilsTest" time="0"/>
  <testcase name="testReadNamedFieldForceAccess" classname="org.apache.commons.lang3.reflect.FieldUtilsTest" time="0"/>
  <testcase name="testConstructor" classname="org.apache.commons.lang3.reflect.FieldUtilsTest" time="0"/>
</testsuite>